生成启动时间为 2016/7/12 16:35:28。
     1>项目“E:\MyProjects\LibRtmpTest\librtmp\librtmp\librtmp.vcxproj”在节点 2 上(rebuild 个目标)。
     1>_PrepareForClean:
         正在删除文件“Debug\librtmp.lastbuildstate”。
       InitializeBuildStatus:
         正在对“Debug\librtmp.unsuccessfulbuild”执行 Touch 任务。
       ClCompile:
         C:\Program Files (x86)\Microsoft Visual Studio 10.0\VC\bin\CL.exe /c /ZI /nologo /W3 /WX- /Od /Oy- /D WIN32 /D _DEBUG /D _LIB /D _UNICODE /D UNICODE /Gm /EHsc /RTC1 /MDd /GS /fp:precise /Zc:wchar_t /Zc:forScope /Fo"Debug\\" /Fd"Debug\vc100.pdb" /Gd /TC /analyze- /errorReport:prompt amf.c hashswf.c log.c parseurl.c rtmp.c
         rtmp.c
     1>c:\program files (x86)\microsoft visual studio 10.0\vc\include\errno.h(132): warning C4005: “EWOULDBLOCK”: 宏重定义
                 e:\myprojects\librtmptest\librtmp\librtmp\rtmp_sys.h(43) : 参见“EWOULDBLOCK”的前一个定义
     1>e:\myprojects\librtmptest\librtmp\librtmp\rtmp.c(40): fatal error C1083: 无法打开包括文件:“openssl/ssl.h”: No such file or directory
         parseurl.c
     1>c:\program files (x86)\microsoft visual studio 10.0\vc\include\errno.h(132): warning C4005: “EWOULDBLOCK”: 宏重定义
                 e:\myprojects\librtmptest\librtmp\librtmp\rtmp_sys.h(43) : 参见“EWOULDBLOCK”的前一个定义
     1>e:\myprojects\librtmptest\librtmp\librtmp\parseurl.c(58): warning C4013: “strncasecmp”未定义；假设外部返回 int
     1>e:\myprojects\librtmptest\librtmp\librtmp\parseurl.c(249): warning C4996: 'strcpy': This function or variable may be unsafe. Consider using strcpy_s instead. To disable deprecation, use _CRT_SECURE_NO_WARNINGS. See online help for details.
                 c:\program files (x86)\microsoft visual studio 10.0\vc\include\string.h(105) : 参见“strcpy”的声明
     1>e:\myprojects\librtmptest\librtmp\librtmp\parseurl.c(256): warning C4996: 'strcpy': This function or variable may be unsafe. Consider using strcpy_s instead. To disable deprecation, use _CRT_SECURE_NO_WARNINGS. See online help for details.
                 c:\program files (x86)\microsoft visual studio 10.0\vc\include\string.h(105) : 参见“strcpy”的声明
     1>e:\myprojects\librtmptest\librtmp\librtmp\parseurl.c(272): warning C4996: 'sscanf': This function or variable may be unsafe. Consider using sscanf_s instead. To disable deprecation, use _CRT_SECURE_NO_WARNINGS. See online help for details.
                 c:\program files (x86)\microsoft visual studio 10.0\vc\include\stdio.h(325) : 参见“sscanf”的声明
         log.c
     1>c:\program files (x86)\microsoft visual studio 10.0\vc\include\errno.h(132): warning C4005: “EWOULDBLOCK”: 宏重定义
                 e:\myprojects\librtmptest\librtmp\librtmp\rtmp_sys.h(43) : 参见“EWOULDBLOCK”的前一个定义
     1>e:\myprojects\librtmptest\librtmp\librtmp\log.c(52): warning C4996: 'vsnprintf': This function or variable may be unsafe. Consider using vsnprintf_s instead. To disable deprecation, use _CRT_SECURE_NO_WARNINGS. See online help for details.
                 c:\program files (x86)\microsoft visual studio 10.0\vc\include\stdio.h(354) : 参见“vsnprintf”的声明
     1>e:\myprojects\librtmptest\librtmp\librtmp\log.c(184): warning C4996: 'vsnprintf': This function or variable may be unsafe. Consider using vsnprintf_s instead. To disable deprecation, use _CRT_SECURE_NO_WARNINGS. See online help for details.
                 c:\program files (x86)\microsoft visual studio 10.0\vc\include\stdio.h(354) : 参见“vsnprintf”的声明
     1>e:\myprojects\librtmptest\librtmp\librtmp\log.c(209): warning C4996: 'vsnprintf': This function or variable may be unsafe. Consider using vsnprintf_s instead. To disable deprecation, use _CRT_SECURE_NO_WARNINGS. See online help for details.
                 c:\program files (x86)\microsoft visual studio 10.0\vc\include\stdio.h(354) : 参见“vsnprintf”的声明
         hashswf.c
     1>c:\program files (x86)\microsoft visual studio 10.0\vc\include\errno.h(132): warning C4005: “EWOULDBLOCK”: 宏重定义
                 e:\myprojects\librtmptest\librtmp\librtmp\rtmp_sys.h(43) : 参见“EWOULDBLOCK”的前一个定义
     1>e:\myprojects\librtmptest\librtmp\librtmp\hashswf.c(56): fatal error C1083: 无法打开包括文件:“openssl/ssl.h”: No such file or directory
         amf.c
     1>c:\program files (x86)\microsoft visual studio 10.0\vc\include\errno.h(132): warning C4005: “EWOULDBLOCK”: 宏重定义
                 e:\myprojects\librtmptest\librtmp\librtmp\rtmp_sys.h(43) : 参见“EWOULDBLOCK”的前一个定义
     1>e:\myprojects\librtmptest\librtmp\librtmp\amf.c(814): warning C4013: “snprintf”未定义；假设外部返回 int
         正在生成代码...
     1>已完成生成项目“E:\MyProjects\LibRtmpTest\librtmp\librtmp\librtmp.vcxproj”(rebuild 个目标)的操作 - 失败。

生成失败。

已用时间 00:00:01.91
