生成启动时间为 2016/10/29 17:35:17。
     1>项目“E:\学习资料\音视频处理\6-RTMP\librtmp\源码\windows编译librtmp(vs2010)\librtmp_src\librtmp\librtmp.vcxproj”在节点 2 上(rebuild 个目标)。
     1>_PrepareForClean:
         正在删除文件“Release\librtmp.lastbuildstate”。
       InitializeBuildStatus:
         正在创建“Release\librtmp.unsuccessfulbuild”，因为已指定“AlwaysCreate”。
       ClCompile:
         C:\Program Files (x86)\Microsoft Visual Studio 10.0\VC\bin\CL.exe /c /Zi /nologo /W3 /WX- /O2 /Oi /Oy- /GL /D WIN32 /D NDEBUG /D _LIB /D _UNICODE /D UNICODE /Gm- /EHsc /MD /GS /Gy /fp:precise /Zc:wchar_t /Zc:forScope /Fo"Release\\" /Fd"Release\vc100.pdb" /Gd /TC /analyze- /errorReport:prompt amf.c hashswf.c log.c parseurl.c rtmp.c
         amf.c
     1>e:\学习资料\音视频处理\6-rtmp\librtmp\源码\windows编译librtmp(vs2010)\librtmp_src\librtmp\rtmp_sys.h(24): warning C4005: “_WIN32”: 宏重定义
                 命令行参数: 参见前面的“_WIN32”定义
     1>C:\Program Files (x86)\Microsoft Visual Studio 10.0\VC\include\errno.h(132): warning C4005: “EWOULDBLOCK”: 宏重定义
                 e:\学习资料\音视频处理\6-rtmp\librtmp\源码\windows编译librtmp(vs2010)\librtmp_src\librtmp\rtmp_sys.h(54) : 参见“EWOULDBLOCK”的前一个定义
     1>amf.c(814): warning C4996: '_snprintf': This function or variable may be unsafe. Consider using _snprintf_s instead. To disable deprecation, use _CRT_SECURE_NO_WARNINGS. See online help for details.
                 C:\Program Files (x86)\Microsoft Visual Studio 10.0\VC\include\stdio.h(363) : 参见“_snprintf”的声明
     1>amf.c(826): warning C4996: '_snprintf': This function or variable may be unsafe. Consider using _snprintf_s instead. To disable deprecation, use _CRT_SECURE_NO_WARNINGS. See online help for details.
                 C:\Program Files (x86)\Microsoft Visual Studio 10.0\VC\include\stdio.h(363) : 参见“_snprintf”的声明
     1>amf.c(830): warning C4996: '_snprintf': This function or variable may be unsafe. Consider using _snprintf_s instead. To disable deprecation, use _CRT_SECURE_NO_WARNINGS. See online help for details.
                 C:\Program Files (x86)\Microsoft Visual Studio 10.0\VC\include\stdio.h(363) : 参见“_snprintf”的声明
     1>amf.c(834): warning C4996: '_snprintf': This function or variable may be unsafe. Consider using _snprintf_s instead. To disable deprecation, use _CRT_SECURE_NO_WARNINGS. See online help for details.
                 C:\Program Files (x86)\Microsoft Visual Studio 10.0\VC\include\stdio.h(363) : 参见“_snprintf”的声明
     1>amf.c(838): warning C4996: '_snprintf': This function or variable may be unsafe. Consider using _snprintf_s instead. To disable deprecation, use _CRT_SECURE_NO_WARNINGS. See online help for details.
                 C:\Program Files (x86)\Microsoft Visual Studio 10.0\VC\include\stdio.h(363) : 参见“_snprintf”的声明
     1>amf.c(841): warning C4996: '_snprintf': This function or variable may be unsafe. Consider using _snprintf_s instead. To disable deprecation, use _CRT_SECURE_NO_WARNINGS. See online help for details.
                 C:\Program Files (x86)\Microsoft Visual Studio 10.0\VC\include\stdio.h(363) : 参见“_snprintf”的声明
         hashswf.c
     1>e:\学习资料\音视频处理\6-rtmp\librtmp\源码\windows编译librtmp(vs2010)\librtmp_src\librtmp\rtmp_sys.h(24): warning C4005: “_WIN32”: 宏重定义
                 命令行参数: 参见前面的“_WIN32”定义
     1>C:\Program Files (x86)\Microsoft Visual Studio 10.0\VC\include\errno.h(132): warning C4005: “EWOULDBLOCK”: 宏重定义
                 e:\学习资料\音视频处理\6-rtmp\librtmp\源码\windows编译librtmp(vs2010)\librtmp_src\librtmp\rtmp_sys.h(54) : 参见“EWOULDBLOCK”的前一个定义
     1>hashswf.c(98): warning C4996: 'strnicmp': The POSIX name for this item is deprecated. Instead, use the ISO C++ conformant name: _strnicmp. See online help for details.
                 C:\Program Files (x86)\Microsoft Visual Studio 10.0\VC\include\string.h(248) : 参见“strnicmp”的声明
     1>hashswf.c(120): warning C4996: 'strncpy': This function or variable may be unsafe. Consider using strncpy_s instead. To disable deprecation, use _CRT_SECURE_NO_WARNINGS. See online help for details.
                 C:\Program Files (x86)\Microsoft Visual Studio 10.0\VC\include\string.h(188) : 参见“strncpy”的声明
     1>hashswf.c(145): warning C4996: 'sprintf': This function or variable may be unsafe. Consider using sprintf_s instead. To disable deprecation, use _CRT_SECURE_NO_WARNINGS. See online help for details.
                 C:\Program Files (x86)\Microsoft Visual Studio 10.0\VC\include\stdio.h(371) : 参见“sprintf”的声明
     1>hashswf.c(147): warning C4996: 'sprintf': This function or variable may be unsafe. Consider using sprintf_s instead. To disable deprecation, use _CRT_SECURE_NO_WARNINGS. See online help for details.
                 C:\Program Files (x86)\Microsoft Visual Studio 10.0\VC\include\stdio.h(371) : 参见“sprintf”的声明
     1>hashswf.c(148): warning C4996: 'sprintf': This function or variable may be unsafe. Consider using sprintf_s instead. To disable deprecation, use _CRT_SECURE_NO_WARNINGS. See online help for details.
                 C:\Program Files (x86)\Microsoft Visual Studio 10.0\VC\include\stdio.h(371) : 参见“sprintf”的声明
     1>hashswf.c(242): warning C4996: 'strnicmp': The POSIX name for this item is deprecated. Instead, use the ISO C++ conformant name: _strnicmp. See online help for details.
                 C:\Program Files (x86)\Microsoft Visual Studio 10.0\VC\include\string.h(248) : 参见“strnicmp”的声明
     1>hashswf.c(248): warning C4996: 'strnicmp': The POSIX name for this item is deprecated. Instead, use the ISO C++ conformant name: _strnicmp. See online help for details.
                 C:\Program Files (x86)\Microsoft Visual Studio 10.0\VC\include\string.h(248) : 参见“strnicmp”的声明
     1>hashswf.c(251): warning C4996: 'strcpy': This function or variable may be unsafe. Consider using strcpy_s instead. To disable deprecation, use _CRT_SECURE_NO_WARNINGS. See online help for details.
     1>hashswf.c(408): warning C4996: 'strnicmp': The POSIX name for this item is deprecated. Instead, use the ISO C++ conformant name: _strnicmp. See online help for details.
                 C:\Program Files (x86)\Microsoft Visual Studio 10.0\VC\include\string.h(248) : 参见“strnicmp”的声明
     1>hashswf.c(422): warning C4996: 'localtime': This function or variable may be unsafe. Consider using localtime_s instead. To disable deprecation, use _CRT_SECURE_NO_WARNINGS. See online help for details.
                 C:\Program Files (x86)\Microsoft Visual Studio 10.0\VC\include\time.inl(112) : 参见“localtime”的声明
     1>hashswf.c(443): warning C4996: 'gmtime': This function or variable may be unsafe. Consider using gmtime_s instead. To disable deprecation, use _CRT_SECURE_NO_WARNINGS. See online help for details.
                 C:\Program Files (x86)\Microsoft Visual Studio 10.0\VC\include\time.inl(99) : 参见“gmtime”的声明
     1>hashswf.c(446): warning C4996: 'sprintf': This function or variable may be unsafe. Consider using sprintf_s instead. To disable deprecation, use _CRT_SECURE_NO_WARNINGS. See online help for details.
                 C:\Program Files (x86)\Microsoft Visual Studio 10.0\VC\include\stdio.h(371) : 参见“sprintf”的声明
     1>hashswf.c(474): warning C4996: 'getenv': This function or variable may be unsafe. Consider using _dupenv_s instead. To disable deprecation, use _CRT_SECURE_NO_WARNINGS. See online help for details.
                 C:\Program Files (x86)\Microsoft Visual Studio 10.0\VC\include\stdlib.h(433) : 参见“getenv”的声明
     1>hashswf.c(476): warning C4996: 'getenv': This function or variable may be unsafe. Consider using _dupenv_s instead. To disable deprecation, use _CRT_SECURE_NO_WARNINGS. See online help for details.
                 C:\Program Files (x86)\Microsoft Visual Studio 10.0\VC\include\stdlib.h(433) : 参见“getenv”的声明
     1>hashswf.c(501): warning C4996: 'sprintf': This function or variable may be unsafe. Consider using sprintf_s instead. To disable deprecation, use _CRT_SECURE_NO_WARNINGS. See online help for details.
                 C:\Program Files (x86)\Microsoft Visual Studio 10.0\VC\include\stdio.h(371) : 参见“sprintf”的声明
     1>hashswf.c(503): warning C4996: 'fopen': This function or variable may be unsafe. Consider using fopen_s instead. To disable deprecation, use _CRT_SECURE_NO_WARNINGS. See online help for details.
                 C:\Program Files (x86)\Microsoft Visual Studio 10.0\VC\include\stdio.h(234) : 参见“fopen”的声明
     1>hashswf.c(557): warning C4996: 'strncpy': This function or variable may be unsafe. Consider using strncpy_s instead. To disable deprecation, use _CRT_SECURE_NO_WARNINGS. See online help for details.
                 C:\Program Files (x86)\Microsoft Visual Studio 10.0\VC\include\string.h(188) : 参见“strncpy”的声明
     1>hashswf.c(616): warning C4996: 'fopen': This function or variable may be unsafe. Consider using fopen_s instead. To disable deprecation, use _CRT_SECURE_NO_WARNINGS. See online help for details.
                 C:\Program Files (x86)\Microsoft Visual Studio 10.0\VC\include\stdio.h(234) : 参见“fopen”的声明
     1>hashswf.c(622): warning C4996: 'strerror': This function or variable may be unsafe. Consider using strerror_s instead. To disable deprecation, use _CRT_SECURE_NO_WARNINGS. See online help for details.
                 C:\Program Files (x86)\Microsoft Visual Studio 10.0\VC\include\string.h(157) : 参见“strerror”的声明
         log.c
     1>e:\学习资料\音视频处理\6-rtmp\librtmp\源码\windows编译librtmp(vs2010)\librtmp_src\librtmp\rtmp_sys.h(24): warning C4005: “_WIN32”: 宏重定义
                 命令行参数: 参见前面的“_WIN32”定义
     1>C:\Program Files (x86)\Microsoft Visual Studio 10.0\VC\include\errno.h(132): warning C4005: “EWOULDBLOCK”: 宏重定义
                 e:\学习资料\音视频处理\6-rtmp\librtmp\源码\windows编译librtmp(vs2010)\librtmp_src\librtmp\rtmp_sys.h(54) : 参见“EWOULDBLOCK”的前一个定义
     1>log.c(52): warning C4996: '_vsnprintf': This function or variable may be unsafe. Consider using _vsnprintf_s instead. To disable deprecation, use _CRT_SECURE_NO_WARNINGS. See online help for details.
                 C:\Program Files (x86)\Microsoft Visual Studio 10.0\VC\include\stdio.h(363) : 参见“_vsnprintf”的声明
     1>log.c(184): warning C4996: '_vsnprintf': This function or variable may be unsafe. Consider using _vsnprintf_s instead. To disable deprecation, use _CRT_SECURE_NO_WARNINGS. See online help for details.
                 C:\Program Files (x86)\Microsoft Visual Studio 10.0\VC\include\stdio.h(363) : 参见“_vsnprintf”的声明
     1>log.c(209): warning C4996: '_vsnprintf': This function or variable may be unsafe. Consider using _vsnprintf_s instead. To disable deprecation, use _CRT_SECURE_NO_WARNINGS. See online help for details.
                 C:\Program Files (x86)\Microsoft Visual Studio 10.0\VC\include\stdio.h(363) : 参见“_vsnprintf”的声明
         parseurl.c
     1>e:\学习资料\音视频处理\6-rtmp\librtmp\源码\windows编译librtmp(vs2010)\librtmp_src\librtmp\rtmp_sys.h(24): warning C4005: “_WIN32”: 宏重定义
                 命令行参数: 参见前面的“_WIN32”定义
     1>C:\Program Files (x86)\Microsoft Visual Studio 10.0\VC\include\errno.h(132): warning C4005: “EWOULDBLOCK”: 宏重定义
                 e:\学习资料\音视频处理\6-rtmp\librtmp\源码\windows编译librtmp(vs2010)\librtmp_src\librtmp\rtmp_sys.h(54) : 参见“EWOULDBLOCK”的前一个定义
     1>parseurl.c(58): warning C4996: 'strnicmp': The POSIX name for this item is deprecated. Instead, use the ISO C++ conformant name: _strnicmp. See online help for details.
                 C:\Program Files (x86)\Microsoft Visual Studio 10.0\VC\include\string.h(248) : 参见“strnicmp”的声明
     1>parseurl.c(60): warning C4996: 'strnicmp': The POSIX name for this item is deprecated. Instead, use the ISO C++ conformant name: _strnicmp. See online help for details.
                 C:\Program Files (x86)\Microsoft Visual Studio 10.0\VC\include\string.h(248) : 参见“strnicmp”的声明
     1>parseurl.c(62): warning C4996: 'strnicmp': The POSIX name for this item is deprecated. Instead, use the ISO C++ conformant name: _strnicmp. See online help for details.
                 C:\Program Files (x86)\Microsoft Visual Studio 10.0\VC\include\string.h(248) : 参见“strnicmp”的声明
     1>parseurl.c(64): warning C4996: 'strnicmp': The POSIX name for this item is deprecated. Instead, use the ISO C++ conformant name: _strnicmp. See online help for details.
                 C:\Program Files (x86)\Microsoft Visual Studio 10.0\VC\include\string.h(248) : 参见“strnicmp”的声明
     1>parseurl.c(66): warning C4996: 'strnicmp': The POSIX name for this item is deprecated. Instead, use the ISO C++ conformant name: _strnicmp. See online help for details.
                 C:\Program Files (x86)\Microsoft Visual Studio 10.0\VC\include\string.h(248) : 参见“strnicmp”的声明
     1>parseurl.c(68): warning C4996: 'strnicmp': The POSIX name for this item is deprecated. Instead, use the ISO C++ conformant name: _strnicmp. See online help for details.
                 C:\Program Files (x86)\Microsoft Visual Studio 10.0\VC\include\string.h(248) : 参见“strnicmp”的声明
     1>parseurl.c(70): warning C4996: 'strnicmp': The POSIX name for this item is deprecated. Instead, use the ISO C++ conformant name: _strnicmp. See online help for details.
                 C:\Program Files (x86)\Microsoft Visual Studio 10.0\VC\include\string.h(248) : 参见“strnicmp”的声明
     1>parseurl.c(249): warning C4996: 'strcpy': This function or variable may be unsafe. Consider using strcpy_s instead. To disable deprecation, use _CRT_SECURE_NO_WARNINGS. See online help for details.
     1>parseurl.c(256): warning C4996: 'strcpy': This function or variable may be unsafe. Consider using strcpy_s instead. To disable deprecation, use _CRT_SECURE_NO_WARNINGS. See online help for details.
     1>parseurl.c(272): warning C4996: 'sscanf': This function or variable may be unsafe. Consider using sscanf_s instead. To disable deprecation, use _CRT_SECURE_NO_WARNINGS. See online help for details.
                 C:\Program Files (x86)\Microsoft Visual Studio 10.0\VC\include\stdio.h(325) : 参见“sscanf”的声明
         rtmp.c
     1>e:\学习资料\音视频处理\6-rtmp\librtmp\源码\windows编译librtmp(vs2010)\librtmp_src\librtmp\rtmp_sys.h(24): warning C4005: “_WIN32”: 宏重定义
                 命令行参数: 参见前面的“_WIN32”定义
     1>C:\Program Files (x86)\Microsoft Visual Studio 10.0\VC\include\errno.h(132): warning C4005: “EWOULDBLOCK”: 宏重定义
                 e:\学习资料\音视频处理\6-rtmp\librtmp\源码\windows编译librtmp(vs2010)\librtmp_src\librtmp\rtmp_sys.h(54) : 参见“EWOULDBLOCK”的前一个定义
     1>rtmp.c(386): warning C4996: 'strdup': The POSIX name for this item is deprecated. Instead, use the ISO C++ conformant name: _strdup. See online help for details.
                 C:\Program Files (x86)\Microsoft Visual Studio 10.0\VC\include\string.h(238) : 参见“strdup”的声明
     1>rtmp.c(616): warning C4996: 'stricmp': The POSIX name for this item is deprecated. Instead, use the ISO C++ conformant name: _stricmp. See online help for details.
                 C:\Program Files (x86)\Microsoft Visual Studio 10.0\VC\include\string.h(246) : 参见“stricmp”的声明
     1>rtmp.c(632): warning C4996: 'stricmp': The POSIX name for this item is deprecated. Instead, use the ISO C++ conformant name: _stricmp. See online help for details.
                 C:\Program Files (x86)\Microsoft Visual Studio 10.0\VC\include\string.h(246) : 参见“stricmp”的声明
     1>rtmp.c(699): warning C4996: 'sscanf': This function or variable may be unsafe. Consider using sscanf_s instead. To disable deprecation, use _CRT_SECURE_NO_WARNINGS. See online help for details.
                 C:\Program Files (x86)\Microsoft Visual Studio 10.0\VC\include\stdio.h(325) : 参见“sscanf”的声明
     1>rtmp.c(735): warning C4996: '_snprintf': This function or variable may be unsafe. Consider using _snprintf_s instead. To disable deprecation, use _CRT_SECURE_NO_WARNINGS. See online help for details.
                 C:\Program Files (x86)\Microsoft Visual Studio 10.0\VC\include\stdio.h(363) : 参见“_snprintf”的声明
     1>rtmp.c(814): warning C4996: 'strerror': This function or variable may be unsafe. Consider using strerror_s instead. To disable deprecation, use _CRT_SECURE_NO_WARNINGS. See online help for details.
                 C:\Program Files (x86)\Microsoft Visual Studio 10.0\VC\include\string.h(157) : 参见“strerror”的声明
     1>rtmp.c(2575): warning C4996: '_snprintf': This function or variable may be unsafe. Consider using _snprintf_s instead. To disable deprecation, use _CRT_SECURE_NO_WARNINGS. See online help for details.
                 C:\Program Files (x86)\Microsoft Visual Studio 10.0\VC\include\stdio.h(363) : 参见“_snprintf”的声明
     1>rtmp.c(2579): warning C4996: '_snprintf': This function or variable may be unsafe. Consider using _snprintf_s instead. To disable deprecation, use _CRT_SECURE_NO_WARNINGS. See online help for details.
                 C:\Program Files (x86)\Microsoft Visual Studio 10.0\VC\include\stdio.h(363) : 参见“_snprintf”的声明
     1>rtmp.c(2583): warning C4996: '_snprintf': This function or variable may be unsafe. Consider using _snprintf_s instead. To disable deprecation, use _CRT_SECURE_NO_WARNINGS. See online help for details.
                 C:\Program Files (x86)\Microsoft Visual Studio 10.0\VC\include\stdio.h(363) : 参见“_snprintf”的声明
     1>rtmp.c(2586): warning C4996: '_snprintf': This function or variable may be unsafe. Consider using _snprintf_s instead. To disable deprecation, use _CRT_SECURE_NO_WARNINGS. See online help for details.
                 C:\Program Files (x86)\Microsoft Visual Studio 10.0\VC\include\stdio.h(363) : 参见“_snprintf”的声明
     1>rtmp.c(2590): warning C4996: '_snprintf': This function or variable may be unsafe. Consider using _snprintf_s instead. To disable deprecation, use _CRT_SECURE_NO_WARNINGS. See online help for details.
                 C:\Program Files (x86)\Microsoft Visual Studio 10.0\VC\include\stdio.h(363) : 参见“_snprintf”的声明
     1>rtmp.c(3518): warning C4996: 'strerror': This function or variable may be unsafe. Consider using strerror_s instead. To disable deprecation, use _CRT_SECURE_NO_WARNINGS. See online help for details.
                 C:\Program Files (x86)\Microsoft Visual Studio 10.0\VC\include\string.h(157) : 参见“strerror”的声明
     1>rtmp.c(3656): warning C4996: '_snprintf': This function or variable may be unsafe. Consider using _snprintf_s instead. To disable deprecation, use _CRT_SECURE_NO_WARNINGS. See online help for details.
                 C:\Program Files (x86)\Microsoft Visual Studio 10.0\VC\include\stdio.h(363) : 参见“_snprintf”的声明
     1>rtmp.c(4174): warning C4018: “>”: 有符号/无符号不匹配
       Lib:
         C:\Program Files (x86)\Microsoft Visual Studio 10.0\VC\bin\Lib.exe /OUT:"E:\学习资料\音视频处理\6-RTMP\librtmp\源码\windows编译librtmp(vs2010)\librtmp_src\Release\librtmp.lib" zlib/lib/zlibstat.lib openssl/lib/libeay32.lib openssl/lib/ssleay32.lib winmm.lib User32.lib advapi32.lib GDI32.lib /NOLOGO /LTCG Release\amf.obj
         Release\hashswf.obj
         Release\log.obj
         Release\parseurl.obj
         Release\rtmp.obj
     1>User32.lib(USER32.dll) : warning LNK4006: __NULL_IMPORT_DESCRIPTOR 已在 winmm.lib(WINMM.dll) 中定义；已忽略第二个定义
     1>advapi32.lib(ADVAPI32.dll) : warning LNK4006: __NULL_IMPORT_DESCRIPTOR 已在 winmm.lib(WINMM.dll) 中定义；已忽略第二个定义
     1>GDI32.lib(GDI32.dll) : warning LNK4006: __NULL_IMPORT_DESCRIPTOR 已在 winmm.lib(WINMM.dll) 中定义；已忽略第二个定义
         librtmp.vcxproj -> E:\学习资料\音视频处理\6-RTMP\librtmp\源码\windows编译librtmp(vs2010)\librtmp_src\Release\librtmp.lib
       FinalizeBuildStatus:
         正在删除文件“Release\librtmp.unsuccessfulbuild”。
         正在对“Release\librtmp.lastbuildstate”执行 Touch 任务。
     1>已完成生成项目“E:\学习资料\音视频处理\6-RTMP\librtmp\源码\windows编译librtmp(vs2010)\librtmp_src\librtmp\librtmp.vcxproj”(rebuild 个目标)的操作。

生成成功。

已用时间 00:00:03.18
